The target system is: Generic - 1 - 
The host system is: Darwin - 18.2.0 - x86_64
Compiling the C compiler identification source file "CMakeCCompilerId.c" succeeded.
Compiler: /usr/local/bin/arm-none-eabi-gcc 
Build flags: 
Id flags: -c 

The output was:
0


Compilation of the C compiler identification source "CMakeCCompilerId.c" produced "CMakeCCompilerId.o"

The C compiler identification is GNU, found in "/Users/vitaliy/Desktop/Oplink/cmake-build-release/CMakeFiles/3.12.0/CompilerIdC/CMakeCCompilerId.o"

Detecting C compiler ABI info compiled with the following output:
Change Dir: /Users/vitaliy/Desktop/Oplink/cmake-build-release/CMakeFiles/CMakeTmp

Run Build Command:"/usr/local/bin/gmake" "cmTC_37f88/fast"
/usr/local/bin/gmake -f CMakeFiles/cmTC_37f88.dir/build.make CMakeFiles/cmTC_37f88.dir/build
gmake[1]: Entering directory '/Users/vitaliy/Desktop/Oplink/cmake-build-release/CMakeFiles/CMakeTmp'
Building C object CMakeFiles/cmTC_37f88.dir/CMakeCCompilerABI.c.obj
/usr/local/bin/arm-none-eabi-gcc   -mcpu=cortex-m3  -mthumb -mthumb-interwork -ffunction-sections -fdata-sections -g -fno-common -fmessage-length=0 -specs=nosys.specs -specs=nano.specs -std=gnu99    -o CMakeFiles/cmTC_37f88.dir/CMakeCCompilerABI.c.obj   -c /Applications/CLion.app/Contents/bin/cmake/mac/share/cmake-3.12/Modules/CMakeCCompilerABI.c
Linking C executable cmTC_37f88
/Applications/CLion.app/Contents/bin/cmake/mac/bin/cmake -E cmake_link_script CMakeFiles/cmTC_37f88.dir/link.txt --verbose=1
/usr/local/bin/arm-none-eabi-gcc -mcpu=cortex-m3  -mthumb -mthumb-interwork -ffunction-sections -fdata-sections -g -fno-common -fmessage-length=0 -specs=nosys.specs -specs=nano.specs -std=gnu99   -Wl,-gc-sections -T /Users/vitaliy/Desktop/Oplink/STM32F103CBTx_FLASH.ld -v CMakeFiles/cmTC_37f88.dir/CMakeCCompilerABI.c.obj  -o cmTC_37f88 
Using built-in specs.
Reading specs from /usr/local/Caskroom/gcc-arm-embedded/8-2018-q4-major/gcc-arm-none-eabi-8-2018-q4-major/bin/../lib/gcc/arm-none-eabi/8.2.1/../../../../arm-none-eabi/lib/nosys.specs
rename spec link_gcc_c_sequence to nosys_link_gcc_c_sequence
Reading specs from /usr/local/Caskroom/gcc-arm-embedded/8-2018-q4-major/gcc-arm-none-eabi-8-2018-q4-major/bin/../lib/gcc/arm-none-eabi/8.2.1/../../../../arm-none-eabi/lib/nano.specs
rename spec link to nano_link
rename spec link_gcc_c_sequence to nano_link_gcc_c_sequence
rename spec cpp_unique_options to nano_cpp_unique_options
COLLECT_GCC=/usr/local/bin/arm-none-eabi-gcc
COLLECT_LTO_WRAPPER=/usr/local/Caskroom/gcc-arm-embedded/8-2018-q4-major/gcc-arm-none-eabi-8-2018-q4-major/bin/../lib/gcc/arm-none-eabi/8.2.1/lto-wrapper
Target: arm-none-eabi
Configured with: /tmp/jenkins-GCC-8-build-toolchain-mac_cluster-128_20181216_1544945247/src/gcc/configure --target=arm-none-eabi --prefix=/tmp/jenkins-GCC-8-build-toolchain-mac_cluster-128_20181216_1544945247/install-native --libexecdir=/tmp/jenkins-GCC-8-build-toolchain-mac_cluster-128_20181216_1544945247/install-native/lib --infodir=/tmp/jenkins-GCC-8-build-toolchain-mac_cluster-128_20181216_1544945247/install-native/share/doc/gcc-arm-none-eabi/info --mandir=/tmp/jenkins-GCC-8-build-toolchain-mac_cluster-128_20181216_1544945247/install-native/share/doc/gcc-arm-none-eabi/man --htmldir=/tmp/jenkins-GCC-8-build-toolchain-mac_cluster-128_20181216_1544945247/install-native/share/doc/gcc-arm-none-eabi/html --pdfdir=/tmp/jenkins-GCC-8-build-toolchain-mac_cluster-128_20181216_1544945247/install-native/share/doc/gcc-arm-none-eabi/pdf --enable-languages=c,c++ --enable-plugins --disable-decimal-float --disable-libffi --disable-libgomp --disable-libmudflap --disable-libquadmath --disable-libssp --disable-libstdcxx-pch --disable-nls --disable-shared --disable-threads --disable-tls --with-gnu-as --with-gnu-ld --with-newlib --with-headers=yes --with-python-dir=share/gcc-arm-none-eabi --with-sysroot=/tmp/jenkins-GCC-8-build-toolchain-mac_cluster-128_20181216_1544945247/install-native/arm-none-eabi --build=x86_64-apple-darwin10 --host=x86_64-apple-darwin10 --with-gmp=/tmp/jenkins-GCC-8-build-toolchain-mac_cluster-128_20181216_1544945247/build-native/host-libs/usr --with-mpfr=/tmp/jenkins-GCC-8-build-toolchain-mac_cluster-128_20181216_1544945247/build-native/host-libs/usr --with-mpc=/tmp/jenkins-GCC-8-build-toolchain-mac_cluster-128_20181216_1544945247/build-native/host-libs/usr --with-isl=/tmp/jenkins-GCC-8-build-toolchain-mac_cluster-128_20181216_1544945247/build-native/host-libs/usr --with-libelf=/tmp/jenkins-GCC-8-build-toolchain-mac_cluster-128_20181216_1544945247/build-native/host-libs/usr --with-host-libstdcxx='-static-libgcc -Wl,-lstdc++ -lm' --with-pkgversion='GNU Tools for Arm Embedded Processors 8-2018-q4-major' --with-multilib-list=rmprofile
Thread model: single
gcc version 8.2.1 20181213 (release) [gcc-8-branch revision 267074] (GNU Tools for Arm Embedded Processors 8-2018-q4-major) 
COMPILER_PATH=/usr/local/Caskroom/gcc-arm-embedded/8-2018-q4-major/gcc-arm-none-eabi-8-2018-q4-major/bin/../lib/gcc/arm-none-eabi/8.2.1/:/usr/local/Caskroom/gcc-arm-embedded/8-2018-q4-major/gcc-arm-none-eabi-8-2018-q4-major/bin/../lib/gcc/:/usr/local/Caskroom/gcc-arm-embedded/8-2018-q4-major/gcc-arm-none-eabi-8-2018-q4-major/bin/../lib/gcc/arm-none-eabi/8.2.1/../../../../arm-none-eabi/bin/
LIBRARY_PATH=/usr/local/Caskroom/gcc-arm-embedded/8-2018-q4-major/gcc-arm-none-eabi-8-2018-q4-major/bin/../lib/gcc/arm-none-eabi/8.2.1/thumb/v7-m/nofp/:/usr/local/Caskroom/gcc-arm-embedded/8-2018-q4-major/gcc-arm-none-eabi-8-2018-q4-major/bin/../lib/gcc/arm-none-eabi/8.2.1/../../../../arm-none-eabi/lib/thumb/v7-m/nofp/:/usr/local/Caskroom/gcc-arm-embedded/8-2018-q4-major/gcc-arm-none-eabi-8-2018-q4-major/bin/../arm-none-eabi/lib/thumb/v7-m/nofp/:/usr/local/Caskroom/gcc-arm-embedded/8-2018-q4-major/gcc-arm-none-eabi-8-2018-q4-major/bin/../lib/gcc/arm-none-eabi/8.2.1/:/usr/local/Caskroom/gcc-arm-embedded/8-2018-q4-major/gcc-arm-none-eabi-8-2018-q4-major/bin/../lib/gcc/:/usr/local/Caskroom/gcc-arm-embedded/8-2018-q4-major/gcc-arm-none-eabi-8-2018-q4-major/bin/../lib/gcc/arm-none-eabi/8.2.1/../../../../arm-none-eabi/lib/:/usr/local/Caskroom/gcc-arm-embedded/8-2018-q4-major/gcc-arm-none-eabi-8-2018-q4-major/bin/../arm-none-eabi/lib/
COLLECT_GCC_OPTIONS='-mcpu=cortex-m3' '-mthumb' '-mthumb-interwork' '-ffunction-sections' '-fdata-sections' '-g' '-fno-common' '-fmessage-length=0' '-specs=nosys.specs' '-specs=nano.specs' '-std=gnu99' '-T' '/Users/vitaliy/Desktop/Oplink/STM32F103CBTx_FLASH.ld' '-v' '-o' 'cmTC_37f88' '-mfloat-abi=soft' '-march=armv7-m'
 /usr/local/Caskroom/gcc-arm-embedded/8-2018-q4-major/gcc-arm-none-eabi-8-2018-q4-major/bin/../lib/gcc/arm-none-eabi/8.2.1/collect2 -plugin /usr/local/Caskroom/gcc-arm-embedded/8-2018-q4-major/gcc-arm-none-eabi-8-2018-q4-major/bin/../lib/gcc/arm-none-eabi/8.2.1/liblto_plugin.so -plugin-opt=/usr/local/Caskroom/gcc-arm-embedded/8-2018-q4-major/gcc-arm-none-eabi-8-2018-q4-major/bin/../lib/gcc/arm-none-eabi/8.2.1/lto-wrapper -plugin-opt=-fresolution=/var/folders/yr/y1zpv0pj4x1c42lkb13j_mzr0000gn/T//ccggAiTb.res -plugin-opt=-pass-through=-lgcc -plugin-opt=-pass-through=-lg_nano -plugin-opt=-pass-through=-lc_nano -plugin-opt=-pass-through=-lgcc -plugin-opt=-pass-through=-lc_nano -plugin-opt=-pass-through=-lnosys -plugin-opt=-pass-through=-lgcc -plugin-opt=-pass-through=-lc_nano -plugin-opt=-pass-through=-lnosys --sysroot=/usr/local/Caskroom/gcc-arm-embedded/8-2018-q4-major/gcc-arm-none-eabi-8-2018-q4-major/bin/../arm-none-eabi -X -o cmTC_37f88 /usr/local/Caskroom/gcc-arm-embedded/8-2018-q4-major/gcc-arm-none-eabi-8-2018-q4-major/bin/../lib/gcc/arm-none-eabi/8.2.1/thumb/v7-m/nofp/crti.o /usr/local/Caskroom/gcc-arm-embedded/8-2018-q4-major/gcc-arm-none-eabi-8-2018-q4-major/bin/../lib/gcc/arm-none-eabi/8.2.1/thumb/v7-m/nofp/crtbegin.o /usr/local/Caskroom/gcc-arm-embedded/8-2018-q4-major/gcc-arm-none-eabi-8-2018-q4-major/bin/../lib/gcc/arm-none-eabi/8.2.1/../../../../arm-none-eabi/lib/thumb/v7-m/nofp/crt0.o -L/usr/local/Caskroom/gcc-arm-embedded/8-2018-q4-major/gcc-arm-none-eabi-8-2018-q4-major/bin/../lib/gcc/arm-none-eabi/8.2.1/thumb/v7-m/nofp -L/usr/local/Caskroom/gcc-arm-embedded/8-2018-q4-major/gcc-arm-none-eabi-8-2018-q4-major/bin/../lib/gcc/arm-none-eabi/8.2.1/../../../../arm-none-eabi/lib/thumb/v7-m/nofp -L/usr/local/Caskroom/gcc-arm-embedded/8-2018-q4-major/gcc-arm-none-eabi-8-2018-q4-major/bin/../arm-none-eabi/lib/thumb/v7-m/nofp -L/usr/local/Caskroom/gcc-arm-embedded/8-2018-q4-major/gcc-arm-none-eabi-8-2018-q4-major/bin/../lib/gcc/arm-none-eabi/8.2.1 -L/usr/local/Caskroom/gcc-arm-embedded/8-2018-q4-major/gcc-arm-none-eabi-8-2018-q4-major/bin/../lib/gcc -L/usr/local/Caskroom/gcc-arm-embedded/8-2018-q4-major/gcc-arm-none-eabi-8-2018-q4-major/bin/../lib/gcc/arm-none-eabi/8.2.1/../../../../arm-none-eabi/lib -L/usr/local/Caskroom/gcc-arm-embedded/8-2018-q4-major/gcc-arm-none-eabi-8-2018-q4-major/bin/../arm-none-eabi/lib -gc-sections CMakeFiles/cmTC_37f88.dir/CMakeCCompilerABI.c.obj --start-group -lgcc -lg_nano -lc_nano --end-group --start-group -lgcc -lc_nano -lnosys --end-group --start-group -lgcc -lc_nano -lnosys --end-group /usr/local/Caskroom/gcc-arm-embedded/8-2018-q4-major/gcc-arm-none-eabi-8-2018-q4-major/bin/../lib/gcc/arm-none-eabi/8.2.1/thumb/v7-m/nofp/crtend.o /usr/local/Caskroom/gcc-arm-embedded/8-2018-q4-major/gcc-arm-none-eabi-8-2018-q4-major/bin/../lib/gcc/arm-none-eabi/8.2.1/thumb/v7-m/nofp/crtn.o -T /Users/vitaliy/Desktop/Oplink/STM32F103CBTx_FLASH.ld
/usr/local/Caskroom/gcc-arm-embedded/8-2018-q4-major/gcc-arm-none-eabi-8-2018-q4-major/bin/../lib/gcc/arm-none-eabi/8.2.1/../../../../arm-none-eabi/bin/ld: warning: cannot find entry symbol Reset_Handler; defaulting to 0000000008000000
COLLECT_GCC_OPTIONS='-mcpu=cortex-m3' '-mthumb' '-mthumb-interwork' '-ffunction-sections' '-fdata-sections' '-g' '-fno-common' '-fmessage-length=0' '-specs=nosys.specs' '-specs=nano.specs' '-std=gnu99' '-T' '/Users/vitaliy/Desktop/Oplink/STM32F103CBTx_FLASH.ld' '-v' '-o' 'cmTC_37f88' '-mfloat-abi=soft' '-march=armv7-m'
gmake[1]: Leaving directory '/Users/vitaliy/Desktop/Oplink/cmake-build-release/CMakeFiles/CMakeTmp'


Parsed C implicit link information from above output:
  link line regex: [^( *|.*[/\])(arm-none-eabi-ld|CMAKE_LINK_STARTFILE-NOTFOUND|([^/\]+-)?ld|collect2)[^/\]*( |$)]
  ignore line: [Change Dir: /Users/vitaliy/Desktop/Oplink/cmake-build-release/CMakeFiles/CMakeTmp]
  ignore line: []
  ignore line: [Run Build Command:"/usr/local/bin/gmake" "cmTC_37f88/fast"]
  ignore line: [/usr/local/bin/gmake -f CMakeFiles/cmTC_37f88.dir/build.make CMakeFiles/cmTC_37f88.dir/build]
  ignore line: [gmake[1]: Entering directory '/Users/vitaliy/Desktop/Oplink/cmake-build-release/CMakeFiles/CMakeTmp']
  ignore line: [Building C object CMakeFiles/cmTC_37f88.dir/CMakeCCompilerABI.c.obj]
  ignore line: [/usr/local/bin/arm-none-eabi-gcc   -mcpu=cortex-m3  -mthumb -mthumb-interwork -ffunction-sections -fdata-sections -g -fno-common -fmessage-length=0 -specs=nosys.specs -specs=nano.specs -std=gnu99    -o CMakeFiles/cmTC_37f88.dir/CMakeCCompilerABI.c.obj   -c /Applications/CLion.app/Contents/bin/cmake/mac/share/cmake-3.12/Modules/CMakeCCompilerABI.c]
  ignore line: [Linking C executable cmTC_37f88]
  ignore line: [/Applications/CLion.app/Contents/bin/cmake/mac/bin/cmake -E cmake_link_script CMakeFiles/cmTC_37f88.dir/link.txt --verbose=1]
  ignore line: [/usr/local/bin/arm-none-eabi-gcc -mcpu=cortex-m3  -mthumb -mthumb-interwork -ffunction-sections -fdata-sections -g -fno-common -fmessage-length=0 -specs=nosys.specs -specs=nano.specs -std=gnu99   -Wl,-gc-sections -T /Users/vitaliy/Desktop/Oplink/STM32F103CBTx_FLASH.ld -v CMakeFiles/cmTC_37f88.dir/CMakeCCompilerABI.c.obj  -o cmTC_37f88 ]
  ignore line: [Using built-in specs.]
  ignore line: [Reading specs from /usr/local/Caskroom/gcc-arm-embedded/8-2018-q4-major/gcc-arm-none-eabi-8-2018-q4-major/bin/../lib/gcc/arm-none-eabi/8.2.1/../../../../arm-none-eabi/lib/nosys.specs]
  ignore line: [rename spec link_gcc_c_sequence to nosys_link_gcc_c_sequence]
  ignore line: [Reading specs from /usr/local/Caskroom/gcc-arm-embedded/8-2018-q4-major/gcc-arm-none-eabi-8-2018-q4-major/bin/../lib/gcc/arm-none-eabi/8.2.1/../../../../arm-none-eabi/lib/nano.specs]
  ignore line: [rename spec link to nano_link]
  ignore line: [rename spec link_gcc_c_sequence to nano_link_gcc_c_sequence]
  ignore line: [rename spec cpp_unique_options to nano_cpp_unique_options]
  ignore line: [COLLECT_GCC=/usr/local/bin/arm-none-eabi-gcc]
  ignore line: [COLLECT_LTO_WRAPPER=/usr/local/Caskroom/gcc-arm-embedded/8-2018-q4-major/gcc-arm-none-eabi-8-2018-q4-major/bin/../lib/gcc/arm-none-eabi/8.2.1/lto-wrapper]
  ignore line: [Target: arm-none-eabi]
  ignore line: [Configured with: /tmp/jenkins-GCC-8-build-toolchain-mac_cluster-128_20181216_1544945247/src/gcc/configure --target=arm-none-eabi --prefix=/tmp/jenkins-GCC-8-build-toolchain-mac_cluster-128_20181216_1544945247/install-native --libexecdir=/tmp/jenkins-GCC-8-build-toolchain-mac_cluster-128_20181216_1544945247/install-native/lib --infodir=/tmp/jenkins-GCC-8-build-toolchain-mac_cluster-128_20181216_1544945247/install-native/share/doc/gcc-arm-none-eabi/info --mandir=/tmp/jenkins-GCC-8-build-toolchain-mac_cluster-128_20181216_1544945247/install-native/share/doc/gcc-arm-none-eabi/man --htmldir=/tmp/jenkins-GCC-8-build-toolchain-mac_cluster-128_20181216_1544945247/install-native/share/doc/gcc-arm-none-eabi/html --pdfdir=/tmp/jenkins-GCC-8-build-toolchain-mac_cluster-128_20181216_1544945247/install-native/share/doc/gcc-arm-none-eabi/pdf --enable-languages=c,c++ --enable-plugins --disable-decimal-float --disable-libffi --disable-libgomp --disable-libmudflap --disable-libquadmath --disable-libssp --disable-libstdcxx-pch --disable-nls --disable-shared --disable-threads --disable-tls --with-gnu-as --with-gnu-ld --with-newlib --with-headers=yes --with-python-dir=share/gcc-arm-none-eabi --with-sysroot=/tmp/jenkins-GCC-8-build-toolchain-mac_cluster-128_20181216_1544945247/install-native/arm-none-eabi --build=x86_64-apple-darwin10 --host=x86_64-apple-darwin10 --with-gmp=/tmp/jenkins-GCC-8-build-toolchain-mac_cluster-128_20181216_1544945247/build-native/host-libs/usr --with-mpfr=/tmp/jenkins-GCC-8-build-toolchain-mac_cluster-128_20181216_1544945247/build-native/host-libs/usr --with-mpc=/tmp/jenkins-GCC-8-build-toolchain-mac_cluster-128_20181216_1544945247/build-native/host-libs/usr --with-isl=/tmp/jenkins-GCC-8-build-toolchain-mac_cluster-128_20181216_1544945247/build-native/host-libs/usr --with-libelf=/tmp/jenkins-GCC-8-build-toolchain-mac_cluster-128_20181216_1544945247/build-native/host-libs/usr --with-host-libstdcxx='-static-libgcc -Wl,-lstdc++ -lm' --with-pkgversion='GNU Tools for Arm Embedded Processors 8-2018-q4-major' --with-multilib-list=rmprofile]
  ignore line: [Thread model: single]
  ignore line: [gcc version 8.2.1 20181213 (release) [gcc-8-branch revision 267074] (GNU Tools for Arm Embedded Processors 8-2018-q4-major) ]
  ignore line: [COMPILER_PATH=/usr/local/Caskroom/gcc-arm-embedded/8-2018-q4-major/gcc-arm-none-eabi-8-2018-q4-major/bin/../lib/gcc/arm-none-eabi/8.2.1/:/usr/local/Caskroom/gcc-arm-embedded/8-2018-q4-major/gcc-arm-none-eabi-8-2018-q4-major/bin/../lib/gcc/:/usr/local/Caskroom/gcc-arm-embedded/8-2018-q4-major/gcc-arm-none-eabi-8-2018-q4-major/bin/../lib/gcc/arm-none-eabi/8.2.1/../../../../arm-none-eabi/bin/]
  ignore line: [LIBRARY_PATH=/usr/local/Caskroom/gcc-arm-embedded/8-2018-q4-major/gcc-arm-none-eabi-8-2018-q4-major/bin/../lib/gcc/arm-none-eabi/8.2.1/thumb/v7-m/nofp/:/usr/local/Caskroom/gcc-arm-embedded/8-2018-q4-major/gcc-arm-none-eabi-8-2018-q4-major/bin/../lib/gcc/arm-none-eabi/8.2.1/../../../../arm-none-eabi/lib/thumb/v7-m/nofp/:/usr/local/Caskroom/gcc-arm-embedded/8-2018-q4-major/gcc-arm-none-eabi-8-2018-q4-major/bin/../arm-none-eabi/lib/thumb/v7-m/nofp/:/usr/local/Caskroom/gcc-arm-embedded/8-2018-q4-major/gcc-arm-none-eabi-8-2018-q4-major/bin/../lib/gcc/arm-none-eabi/8.2.1/:/usr/local/Caskroom/gcc-arm-embedded/8-2018-q4-major/gcc-arm-none-eabi-8-2018-q4-major/bin/../lib/gcc/:/usr/local/Caskroom/gcc-arm-embedded/8-2018-q4-major/gcc-arm-none-eabi-8-2018-q4-major/bin/../lib/gcc/arm-none-eabi/8.2.1/../../../../arm-none-eabi/lib/:/usr/local/Caskroom/gcc-arm-embedded/8-2018-q4-major/gcc-arm-none-eabi-8-2018-q4-major/bin/../arm-none-eabi/lib/]
  ignore line: [COLLECT_GCC_OPTIONS='-mcpu=cortex-m3' '-mthumb' '-mthumb-interwork' '-ffunction-sections' '-fdata-sections' '-g' '-fno-common' '-fmessage-length=0' '-specs=nosys.specs' '-specs=nano.specs' '-std=gnu99' '-T' '/Users/vitaliy/Desktop/Oplink/STM32F103CBTx_FLASH.ld' '-v' '-o' 'cmTC_37f88' '-mfloat-abi=soft' '-march=armv7-m']
  link line: [ /usr/local/Caskroom/gcc-arm-embedded/8-2018-q4-major/gcc-arm-none-eabi-8-2018-q4-major/bin/../lib/gcc/arm-none-eabi/8.2.1/collect2 -plugin /usr/local/Caskroom/gcc-arm-embedded/8-2018-q4-major/gcc-arm-none-eabi-8-2018-q4-major/bin/../lib/gcc/arm-none-eabi/8.2.1/liblto_plugin.so -plugin-opt=/usr/local/Caskroom/gcc-arm-embedded/8-2018-q4-major/gcc-arm-none-eabi-8-2018-q4-major/bin/../lib/gcc/arm-none-eabi/8.2.1/lto-wrapper -plugin-opt=-fresolution=/var/folders/yr/y1zpv0pj4x1c42lkb13j_mzr0000gn/T//ccggAiTb.res -plugin-opt=-pass-through=-lgcc -plugin-opt=-pass-through=-lg_nano -plugin-opt=-pass-through=-lc_nano -plugin-opt=-pass-through=-lgcc -plugin-opt=-pass-through=-lc_nano -plugin-opt=-pass-through=-lnosys -plugin-opt=-pass-through=-lgcc -plugin-opt=-pass-through=-lc_nano -plugin-opt=-pass-through=-lnosys --sysroot=/usr/local/Caskroom/gcc-arm-embedded/8-2018-q4-major/gcc-arm-none-eabi-8-2018-q4-major/bin/../arm-none-eabi -X -o cmTC_37f88 /usr/local/Caskroom/gcc-arm-embedded/8-2018-q4-major/gcc-arm-none-eabi-8-2018-q4-major/bin/../lib/gcc/arm-none-eabi/8.2.1/thumb/v7-m/nofp/crti.o /usr/local/Caskroom/gcc-arm-embedded/8-2018-q4-major/gcc-arm-none-eabi-8-2018-q4-major/bin/../lib/gcc/arm-none-eabi/8.2.1/thumb/v7-m/nofp/crtbegin.o /usr/local/Caskroom/gcc-arm-embedded/8-2018-q4-major/gcc-arm-none-eabi-8-2018-q4-major/bin/../lib/gcc/arm-none-eabi/8.2.1/../../../../arm-none-eabi/lib/thumb/v7-m/nofp/crt0.o -L/usr/local/Caskroom/gcc-arm-embedded/8-2018-q4-major/gcc-arm-none-eabi-8-2018-q4-major/bin/../lib/gcc/arm-none-eabi/8.2.1/thumb/v7-m/nofp -L/usr/local/Caskroom/gcc-arm-embedded/8-2018-q4-major/gcc-arm-none-eabi-8-2018-q4-major/bin/../lib/gcc/arm-none-eabi/8.2.1/../../../../arm-none-eabi/lib/thumb/v7-m/nofp -L/usr/local/Caskroom/gcc-arm-embedded/8-2018-q4-major/gcc-arm-none-eabi-8-2018-q4-major/bin/../arm-none-eabi/lib/thumb/v7-m/nofp -L/usr/local/Caskroom/gcc-arm-embedded/8-2018-q4-major/gcc-arm-none-eabi-8-2018-q4-major/bin/../lib/gcc/arm-none-eabi/8.2.1 -L/usr/local/Caskroom/gcc-arm-embedded/8-2018-q4-major/gcc-arm-none-eabi-8-2018-q4-major/bin/../lib/gcc -L/usr/local/Caskroom/gcc-arm-embedded/8-2018-q4-major/gcc-arm-none-eabi-8-2018-q4-major/bin/../lib/gcc/arm-none-eabi/8.2.1/../../../../arm-none-eabi/lib -L/usr/local/Caskroom/gcc-arm-embedded/8-2018-q4-major/gcc-arm-none-eabi-8-2018-q4-major/bin/../arm-none-eabi/lib -gc-sections CMakeFiles/cmTC_37f88.dir/CMakeCCompilerABI.c.obj --start-group -lgcc -lg_nano -lc_nano --end-group --start-group -lgcc -lc_nano -lnosys --end-group --start-group -lgcc -lc_nano -lnosys --end-group /usr/local/Caskroom/gcc-arm-embedded/8-2018-q4-major/gcc-arm-none-eabi-8-2018-q4-major/bin/../lib/gcc/arm-none-eabi/8.2.1/thumb/v7-m/nofp/crtend.o /usr/local/Caskroom/gcc-arm-embedded/8-2018-q4-major/gcc-arm-none-eabi-8-2018-q4-major/bin/../lib/gcc/arm-none-eabi/8.2.1/thumb/v7-m/nofp/crtn.o -T /Users/vitaliy/Desktop/Oplink/STM32F103CBTx_FLASH.ld]
    arg [/usr/local/Caskroom/gcc-arm-embedded/8-2018-q4-major/gcc-arm-none-eabi-8-2018-q4-major/bin/../lib/gcc/arm-none-eabi/8.2.1/collect2] ==> ignore
    arg [-plugin] ==> ignore
    arg [/usr/local/Caskroom/gcc-arm-embedded/8-2018-q4-major/gcc-arm-none-eabi-8-2018-q4-major/bin/../lib/gcc/arm-none-eabi/8.2.1/liblto_plugin.so] ==> ignore
    arg [-plugin-opt=/usr/local/Caskroom/gcc-arm-embedded/8-2018-q4-major/gcc-arm-none-eabi-8-2018-q4-major/bin/../lib/gcc/arm-none-eabi/8.2.1/lto-wrapper] ==> ignore
    arg [-plugin-opt=-fresolution=/var/folders/yr/y1zpv0pj4x1c42lkb13j_mzr0000gn/T//ccggAiTb.res] ==> ignore
    arg [-plugin-opt=-pass-through=-lgcc] ==> ignore
    arg [-plugin-opt=-pass-through=-lg_nano] ==> ignore
    arg [-plugin-opt=-pass-through=-lc_nano] ==> ignore
    arg [-plugin-opt=-pass-through=-lgcc] ==> ignore
    arg [-plugin-opt=-pass-through=-lc_nano] ==> ignore
    arg [-plugin-opt=-pass-through=-lnosys] ==> ignore
    arg [-plugin-opt=-pass-through=-lgcc] ==> ignore
    arg [-plugin-opt=-pass-through=-lc_nano] ==> ignore
    arg [-plugin-opt=-pass-through=-lnosys] ==> ignore
    arg [--sysroot=/usr/local/Caskroom/gcc-arm-embedded/8-2018-q4-major/gcc-arm-none-eabi-8-2018-q4-major/bin/../arm-none-eabi] ==> ignore
    arg [-X] ==> ignore
    arg [-o] ==> ignore
    arg [cmTC_37f88] ==> ignore
    arg [/usr/local/Caskroom/gcc-arm-embedded/8-2018-q4-major/gcc-arm-none-eabi-8-2018-q4-major/bin/../lib/gcc/arm-none-eabi/8.2.1/thumb/v7-m/nofp/crti.o] ==> ignore
    arg [/usr/local/Caskroom/gcc-arm-embedded/8-2018-q4-major/gcc-arm-none-eabi-8-2018-q4-major/bin/../lib/gcc/arm-none-eabi/8.2.1/thumb/v7-m/nofp/crtbegin.o] ==> ignore
    arg [/usr/local/Caskroom/gcc-arm-embedded/8-2018-q4-major/gcc-arm-none-eabi-8-2018-q4-major/bin/../lib/gcc/arm-none-eabi/8.2.1/../../../../arm-none-eabi/lib/thumb/v7-m/nofp/crt0.o] ==> ignore
    arg [-L/usr/local/Caskroom/gcc-arm-embedded/8-2018-q4-major/gcc-arm-none-eabi-8-2018-q4-major/bin/../lib/gcc/arm-none-eabi/8.2.1/thumb/v7-m/nofp] ==> dir [/usr/local/Caskroom/gcc-arm-embedded/8-2018-q4-major/gcc-arm-none-eabi-8-2018-q4-major/bin/../lib/gcc/arm-none-eabi/8.2.1/thumb/v7-m/nofp]
    arg [-L/usr/local/Caskroom/gcc-arm-embedded/8-2018-q4-major/gcc-arm-none-eabi-8-2018-q4-major/bin/../lib/gcc/arm-none-eabi/8.2.1/../../../../arm-none-eabi/lib/thumb/v7-m/nofp] ==> dir [/usr/local/Caskroom/gcc-arm-embedded/8-2018-q4-major/gcc-arm-none-eabi-8-2018-q4-major/bin/../lib/gcc/arm-none-eabi/8.2.1/../../../../arm-none-eabi/lib/thumb/v7-m/nofp]
    arg [-L/usr/local/Caskroom/gcc-arm-embedded/8-2018-q4-major/gcc-arm-none-eabi-8-2018-q4-major/bin/../arm-none-eabi/lib/thumb/v7-m/nofp] ==> dir [/usr/local/Caskroom/gcc-arm-embedded/8-2018-q4-major/gcc-arm-none-eabi-8-2018-q4-major/bin/../arm-none-eabi/lib/thumb/v7-m/nofp]
    arg [-L/usr/local/Caskroom/gcc-arm-embedded/8-2018-q4-major/gcc-arm-none-eabi-8-2018-q4-major/bin/../lib/gcc/arm-none-eabi/8.2.1] ==> dir [/usr/local/Caskroom/gcc-arm-embedded/8-2018-q4-major/gcc-arm-none-eabi-8-2018-q4-major/bin/../lib/gcc/arm-none-eabi/8.2.1]
    arg [-L/usr/local/Caskroom/gcc-arm-embedded/8-2018-q4-major/gcc-arm-none-eabi-8-2018-q4-major/bin/../lib/gcc] ==> dir [/usr/local/Caskroom/gcc-arm-embedded/8-2018-q4-major/gcc-arm-none-eabi-8-2018-q4-major/bin/../lib/gcc]
    arg [-L/usr/local/Caskroom/gcc-arm-embedded/8-2018-q4-major/gcc-arm-none-eabi-8-2018-q4-major/bin/../lib/gcc/arm-none-eabi/8.2.1/../../../../arm-none-eabi/lib] ==> dir [/usr/local/Caskroom/gcc-arm-embedded/8-2018-q4-major/gcc-arm-none-eabi-8-2018-q4-major/bin/../lib/gcc/arm-none-eabi/8.2.1/../../../../arm-none-eabi/lib]
    arg [-L/usr/local/Caskroom/gcc-arm-embedded/8-2018-q4-major/gcc-arm-none-eabi-8-2018-q4-major/bin/../arm-none-eabi/lib] ==> dir [/usr/local/Caskroom/gcc-arm-embedded/8-2018-q4-major/gcc-arm-none-eabi-8-2018-q4-major/bin/../arm-none-eabi/lib]
    arg [-gc-sections] ==> ignore
    arg [CMakeFiles/cmTC_37f88.dir/CMakeCCompilerABI.c.obj] ==> ignore
    arg [--start-group] ==> ignore
    arg [-lgcc] ==> lib [gcc]
    arg [-lg_nano] ==> lib [g_nano]
    arg [-lc_nano] ==> lib [c_nano]
    arg [--end-group] ==> ignore
    arg [--start-group] ==> ignore
    arg [-lgcc] ==> lib [gcc]
    arg [-lc_nano] ==> lib [c_nano]
    arg [-lnosys] ==> lib [nosys]
    arg [--end-group] ==> ignore
    arg [--start-group] ==> ignore
    arg [-lgcc] ==> lib [gcc]
    arg [-lc_nano] ==> lib [c_nano]
    arg [-lnosys] ==> lib [nosys]
    arg [--end-group] ==> ignore
    arg [/usr/local/Caskroom/gcc-arm-embedded/8-2018-q4-major/gcc-arm-none-eabi-8-2018-q4-major/bin/../lib/gcc/arm-none-eabi/8.2.1/thumb/v7-m/nofp/crtend.o] ==> ignore
    arg [/usr/local/Caskroom/gcc-arm-embedded/8-2018-q4-major/gcc-arm-none-eabi-8-2018-q4-major/bin/../lib/gcc/arm-none-eabi/8.2.1/thumb/v7-m/nofp/crtn.o] ==> ignore
    arg [-T] ==> ignore
    arg [/Users/vitaliy/Desktop/Oplink/STM32F103CBTx_FLASH.ld] ==> ignore
  collapse library dir [/usr/local/Caskroom/gcc-arm-embedded/8-2018-q4-major/gcc-arm-none-eabi-8-2018-q4-major/bin/../lib/gcc/arm-none-eabi/8.2.1/thumb/v7-m/nofp] ==> [/usr/local/Caskroom/gcc-arm-embedded/8-2018-q4-major/gcc-arm-none-eabi-8-2018-q4-major/lib/gcc/arm-none-eabi/8.2.1/thumb/v7-m/nofp]
  collapse library dir [/usr/local/Caskroom/gcc-arm-embedded/8-2018-q4-major/gcc-arm-none-eabi-8-2018-q4-major/bin/../lib/gcc/arm-none-eabi/8.2.1/../../../../arm-none-eabi/lib/thumb/v7-m/nofp] ==> [/usr/local/Caskroom/gcc-arm-embedded/8-2018-q4-major/gcc-arm-none-eabi-8-2018-q4-major/arm-none-eabi/lib/thumb/v7-m/nofp]
  collapse library dir [/usr/local/Caskroom/gcc-arm-embedded/8-2018-q4-major/gcc-arm-none-eabi-8-2018-q4-major/bin/../arm-none-eabi/lib/thumb/v7-m/nofp] ==> [/usr/local/Caskroom/gcc-arm-embedded/8-2018-q4-major/gcc-arm-none-eabi-8-2018-q4-major/arm-none-eabi/lib/thumb/v7-m/nofp]
  collapse library dir [/usr/local/Caskroom/gcc-arm-embedded/8-2018-q4-major/gcc-arm-none-eabi-8-2018-q4-major/bin/../lib/gcc/arm-none-eabi/8.2.1] ==> [/usr/local/Caskroom/gcc-arm-embedded/8-2018-q4-major/gcc-arm-none-eabi-8-2018-q4-major/lib/gcc/arm-none-eabi/8.2.1]
  collapse library dir [/usr/local/Caskroom/gcc-arm-embedded/8-2018-q4-major/gcc-arm-none-eabi-8-2018-q4-major/bin/../lib/gcc] ==> [/usr/local/Caskroom/gcc-arm-embedded/8-2018-q4-major/gcc-arm-none-eabi-8-2018-q4-major/lib/gcc]
  collapse library dir [/usr/local/Caskroom/gcc-arm-embedded/8-2018-q4-major/gcc-arm-none-eabi-8-2018-q4-major/bin/../lib/gcc/arm-none-eabi/8.2.1/../../../../arm-none-eabi/lib] ==> [/usr/local/Caskroom/gcc-arm-embedded/8-2018-q4-major/gcc-arm-none-eabi-8-2018-q4-major/arm-none-eabi/lib]
  collapse library dir [/usr/local/Caskroom/gcc-arm-embedded/8-2018-q4-major/gcc-arm-none-eabi-8-2018-q4-major/bin/../arm-none-eabi/lib] ==> [/usr/local/Caskroom/gcc-arm-embedded/8-2018-q4-major/gcc-arm-none-eabi-8-2018-q4-major/arm-none-eabi/lib]
  implicit libs: [gcc;g_nano;c_nano;gcc;c_nano;nosys;gcc;c_nano;nosys]
  implicit dirs: [/usr/local/Caskroom/gcc-arm-embedded/8-2018-q4-major/gcc-arm-none-eabi-8-2018-q4-major/lib/gcc/arm-none-eabi/8.2.1/thumb/v7-m/nofp;/usr/local/Caskroom/gcc-arm-embedded/8-2018-q4-major/gcc-arm-none-eabi-8-2018-q4-major/arm-none-eabi/lib/thumb/v7-m/nofp;/usr/local/Caskroom/gcc-arm-embedded/8-2018-q4-major/gcc-arm-none-eabi-8-2018-q4-major/lib/gcc/arm-none-eabi/8.2.1;/usr/local/Caskroom/gcc-arm-embedded/8-2018-q4-major/gcc-arm-none-eabi-8-2018-q4-major/lib/gcc;/usr/local/Caskroom/gcc-arm-embedded/8-2018-q4-major/gcc-arm-none-eabi-8-2018-q4-major/arm-none-eabi/lib]
  implicit fwks: []




Detecting C [-std=c11] compiler features compiled with the following output:
Change Dir: /Users/vitaliy/Desktop/Oplink/cmake-build-release/CMakeFiles/CMakeTmp

Run Build Command:"/usr/local/bin/gmake" "cmTC_e8e03/fast"
/usr/local/bin/gmake -f CMakeFiles/cmTC_e8e03.dir/build.make CMakeFiles/cmTC_e8e03.dir/build
gmake[1]: Entering directory '/Users/vitaliy/Desktop/Oplink/cmake-build-release/CMakeFiles/CMakeTmp'
Building C object CMakeFiles/cmTC_e8e03.dir/feature_tests.c.obj
/usr/local/bin/arm-none-eabi-gcc   -mcpu=cortex-m3  -mthumb -mthumb-interwork -ffunction-sections -fdata-sections -g -fno-common -fmessage-length=0 -specs=nosys.specs -specs=nano.specs -std=gnu99    -std=c11 -o CMakeFiles/cmTC_e8e03.dir/feature_tests.c.obj   -c /Users/vitaliy/Desktop/Oplink/cmake-build-release/CMakeFiles/feature_tests.c
Linking C executable cmTC_e8e03
/Applications/CLion.app/Contents/bin/cmake/mac/bin/cmake -E cmake_link_script CMakeFiles/cmTC_e8e03.dir/link.txt --verbose=1
/usr/local/bin/arm-none-eabi-gcc -mcpu=cortex-m3  -mthumb -mthumb-interwork -ffunction-sections -fdata-sections -g -fno-common -fmessage-length=0 -specs=nosys.specs -specs=nano.specs -std=gnu99   -Wl,-gc-sections -T /Users/vitaliy/Desktop/Oplink/STM32F103CBTx_FLASH.ld  CMakeFiles/cmTC_e8e03.dir/feature_tests.c.obj  -o cmTC_e8e03 
/usr/local/Caskroom/gcc-arm-embedded/8-2018-q4-major/gcc-arm-none-eabi-8-2018-q4-major/bin/../lib/gcc/arm-none-eabi/8.2.1/../../../../arm-none-eabi/bin/ld: warning: cannot find entry symbol Reset_Handler; defaulting to 0000000008000000
gmake[1]: Leaving directory '/Users/vitaliy/Desktop/Oplink/cmake-build-release/CMakeFiles/CMakeTmp'




Detecting C [-std=c99] compiler features compiled with the following output:
Change Dir: /Users/vitaliy/Desktop/Oplink/cmake-build-release/CMakeFiles/CMakeTmp

Run Build Command:"/usr/local/bin/gmake" "cmTC_4df7c/fast"
/usr/local/bin/gmake -f CMakeFiles/cmTC_4df7c.dir/build.make CMakeFiles/cmTC_4df7c.dir/build
gmake[1]: Entering directory '/Users/vitaliy/Desktop/Oplink/cmake-build-release/CMakeFiles/CMakeTmp'
Building C object CMakeFiles/cmTC_4df7c.dir/feature_tests.c.obj
/usr/local/bin/arm-none-eabi-gcc   -mcpu=cortex-m3  -mthumb -mthumb-interwork -ffunction-sections -fdata-sections -g -fno-common -fmessage-length=0 -specs=nosys.specs -specs=nano.specs -std=gnu99    -std=c99 -o CMakeFiles/cmTC_4df7c.dir/feature_tests.c.obj   -c /Users/vitaliy/Desktop/Oplink/cmake-build-release/CMakeFiles/feature_tests.c
Linking C executable cmTC_4df7c
/Applications/CLion.app/Contents/bin/cmake/mac/bin/cmake -E cmake_link_script CMakeFiles/cmTC_4df7c.dir/link.txt --verbose=1
/usr/local/bin/arm-none-eabi-gcc -mcpu=cortex-m3  -mthumb -mthumb-interwork -ffunction-sections -fdata-sections -g -fno-common -fmessage-length=0 -specs=nosys.specs -specs=nano.specs -std=gnu99   -Wl,-gc-sections -T /Users/vitaliy/Desktop/Oplink/STM32F103CBTx_FLASH.ld  CMakeFiles/cmTC_4df7c.dir/feature_tests.c.obj  -o cmTC_4df7c 
/usr/local/Caskroom/gcc-arm-embedded/8-2018-q4-major/gcc-arm-none-eabi-8-2018-q4-major/bin/../lib/gcc/arm-none-eabi/8.2.1/../../../../arm-none-eabi/bin/ld: warning: cannot find entry symbol Reset_Handler; defaulting to 0000000008000000
gmake[1]: Leaving directory '/Users/vitaliy/Desktop/Oplink/cmake-build-release/CMakeFiles/CMakeTmp'




Detecting C [-std=c90] compiler features compiled with the following output:
Change Dir: /Users/vitaliy/Desktop/Oplink/cmake-build-release/CMakeFiles/CMakeTmp

Run Build Command:"/usr/local/bin/gmake" "cmTC_de89f/fast"
/usr/local/bin/gmake -f CMakeFiles/cmTC_de89f.dir/build.make CMakeFiles/cmTC_de89f.dir/build
gmake[1]: Entering directory '/Users/vitaliy/Desktop/Oplink/cmake-build-release/CMakeFiles/CMakeTmp'
Building C object CMakeFiles/cmTC_de89f.dir/feature_tests.c.obj
/usr/local/bin/arm-none-eabi-gcc   -mcpu=cortex-m3  -mthumb -mthumb-interwork -ffunction-sections -fdata-sections -g -fno-common -fmessage-length=0 -specs=nosys.specs -specs=nano.specs -std=gnu99    -std=c90 -o CMakeFiles/cmTC_de89f.dir/feature_tests.c.obj   -c /Users/vitaliy/Desktop/Oplink/cmake-build-release/CMakeFiles/feature_tests.c
Linking C executable cmTC_de89f
/Applications/CLion.app/Contents/bin/cmake/mac/bin/cmake -E cmake_link_script CMakeFiles/cmTC_de89f.dir/link.txt --verbose=1
/usr/local/bin/arm-none-eabi-gcc -mcpu=cortex-m3  -mthumb -mthumb-interwork -ffunction-sections -fdata-sections -g -fno-common -fmessage-length=0 -specs=nosys.specs -specs=nano.specs -std=gnu99   -Wl,-gc-sections -T /Users/vitaliy/Desktop/Oplink/STM32F103CBTx_FLASH.ld  CMakeFiles/cmTC_de89f.dir/feature_tests.c.obj  -o cmTC_de89f 
/usr/local/Caskroom/gcc-arm-embedded/8-2018-q4-major/gcc-arm-none-eabi-8-2018-q4-major/bin/../lib/gcc/arm-none-eabi/8.2.1/../../../../arm-none-eabi/bin/ld: warning: cannot find entry symbol Reset_Handler; defaulting to 0000000008000000
gmake[1]: Leaving directory '/Users/vitaliy/Desktop/Oplink/cmake-build-release/CMakeFiles/CMakeTmp'


